<?xml version="1.0" encoding="UTF-8"?>
<!-- Generated by org.testng.reporters.JUnitReportReporter -->
<testsuite hostname="admins-MacBook-Pro.local" failures="0" tests="2" name="Runners.TestRunner" time="50.611" errors="0" timestamp="2023-08-12T13:51:31 CEST" skipped="0">
  <testcase classname="Runners.TestRunner" name="runScenario" time="26.335"/>
  <system-out/>
  <testcase classname="Runners.TestRunner" name="runScenario" time="24.276"/>
  <system-out/>
</testsuite> <!-- Runners.TestRunner -->
